2019-04-02 09:41:40.789 [main] INFO  com.school.Application - Starting Application on DESKTOP-OQBROSA with PID 17444 (C:\Users\24431\company\coding\MyBatis\target\classes started by 24431 in C:\Users\24431\company\coding)
2019-04-02 09:41:40.795 [main] INFO  com.school.Application - No active profile set, falling back to default profiles: default
2019-04-02 09:41:40.830 [main] INFO  o.s.boot.web.servlet.context.AnnotationConfigServletWebServerApplicationContext - Refreshing org.springframework.boot.web.servlet.context.AnnotationConfigServletWebServerApplicationContext@7e99d8: startup date [Tue Apr 02 09:41:40 CST 2019]; root of context hierarchy
2019-04-02 09:41:41.975 [main] INFO  org.springframework.boot.web.embedded.tomcat.TomcatWebServer - Tomcat initialized with port(s): 8888 (http)
2019-04-02 09:41:41.999 [main] INFO  org.apache.catalina.core.StandardService - Starting service [Tomcat]
2019-04-02 09:41:41.999 [main] INFO  org.apache.catalina.core.StandardEngine - Starting Servlet Engine: Apache Tomcat/8.5.28
2019-04-02 09:41:42.003 [localhost-startStop-1] INFO  org.apache.catalina.core.AprLifecycleListener - The APR based Apache Tomcat Native library which allows optimal performance in production environments was not found on the java.library.path: [C:\Program Files (x86)\Java\jdk1.8.0_144\bin;C:\WINDOWS\Sun\Java\bin;C:\WINDOWS\system32;C:\WINDOWS;D:\SDK\platform-tools;C:\Python27;D:\apache-maven-3.5.4\bin;C:\Python27\Scripts;C:\Program Files (x86)\Java\jdk1.8.0_144\bin;C:\ProgramData\Oracle\Java\javapath;"C:\Program Files (x86)\Intel\iCLS Client\;F:\adt4_2_32bit；F:\adt4_2_32bit\sdk;;:\adt4_2_32bit\sdk\platform-tools";C:\Program Files\Intel\iCLS Client\;C:\WINDOWS\system32;C:\WINDOWS;C:\WINDOWS\System32\Wbem;C:\WINDOWS\System32\WindowsPowerShell\v1.0\;C:\Program Files (x86)\Intel\Intel(R) Management Engine Components\DAL;C:\Program Files\Intel\Intel(R) Management Engine Components\DAL;C:\Program Files (x86)\Intel\Intel(R) Management Engine Components\IPT;C:\Program Files\Intel\Intel(R) Management Engine Components\IPT;F:\adt4_2_32bit\sdk\platform-tools;".;C:\Program Files (x86)\Java\jdk1.8.0_144\lib;C:\Program Files (x86)\Java\jdk1.8.0_144\lib\tools.jar";C:\Program Files\MySQL\MySQL Utilities 1.6\;C:\WINDOWS\System32\OpenSSH\;C:\Program Files\VisualSVN Server\bin;C:\Program Files\TortoiseSVN\bin;C:\Program Files\nodejs\;"C:\Program Files (x86)\Java\jdk1.8.0_144\bin;C:\Program Files (x86)\Java\jdk1.8.0_144\jre\bin;";C:\Strawberry\c\bin;C:\Strawberry\perl\site\bin;C:\Strawberry\perl\bin;F:\apache-tomcat\bin;D:\SDK\tools;C:\Program Files\Git\cmd;F:\mysql-8.0.11-winx64\bin;C:\Program Files (x86)\Java\jre1.8.0_144;C:\Users\24431\AppData\Local\Microsoft\WindowsApps;C:\Users\24431\AppData\Local\Programs\Fiddler;C:\Users\24431\AppData\Roaming\npm;;%USERPROFILE%\AppData\Local\Microsoft\WindowsApps;.]
2019-04-02 09:41:42.097 [localhost-startStop-1] INFO  org.apache.catalina.core.ContainerBase.[Tomcat].[localhost].[/] - Initializing Spring embedded WebApplicationContext
2019-04-02 09:41:42.098 [localhost-startStop-1] INFO  org.springframework.web.context.ContextLoader - Root WebApplicationContext: initialization completed in 1268 ms
2019-04-02 09:41:42.231 [localhost-startStop-1] INFO  org.springframework.boot.web.servlet.ServletRegistrationBean - Servlet dispatcherServlet mapped to [/]
2019-04-02 09:41:42.235 [localhost-startStop-1] INFO  org.springframework.boot.web.servlet.FilterRegistrationBean - Mapping filter: 'characterEncodingFilter' to: [/*]
2019-04-02 09:41:42.235 [localhost-startStop-1] INFO  org.springframework.boot.web.servlet.FilterRegistrationBean - Mapping filter: 'hiddenHttpMethodFilter' to: [/*]
2019-04-02 09:41:42.235 [localhost-startStop-1] INFO  org.springframework.boot.web.servlet.FilterRegistrationBean - Mapping filter: 'httpPutFormContentFilter' to: [/*]
2019-04-02 09:41:42.235 [localhost-startStop-1] INFO  org.springframework.boot.web.servlet.FilterRegistrationBean - Mapping filter: 'requestContextFilter' to: [/*]
2019-04-02 09:41:42.264 [main] WARN  o.springframework.beans.factory.annotation.AutowiredAnnotationBeanPostProcessor - Autowired annotation is not supported on static fields: private static org.springframework.context.ConfigurableApplicationContext com.school.Application.context
2019-04-02 09:41:42.638 [main] INFO  o.springframework.web.servlet.mvc.method.annotation.RequestMappingHandlerMapping - Mapped "{[/v1/getClassCount],methods=[GET]}" onto public int com.school.controller.Demo.getClassCount()
2019-04-02 09:41:42.640 [main] INFO  o.springframework.web.servlet.mvc.method.annotation.RequestMappingHandlerMapping - Mapped "{[/v2/api-docs],methods=[GET],produces=[application/json || application/hal+json]}" onto public org.springframework.http.ResponseEntity<springfox.documentation.spring.web.json.Json> springfox.documentation.swagger2.web.Swagger2Controller.getDocumentation(java.lang.String,javax.servlet.http.HttpServletRequest)
2019-04-02 09:41:42.643 [main] INFO  o.springframework.web.servlet.mvc.method.annotation.RequestMappingHandlerMapping - Mapped "{[/swagger-resources]}" onto org.springframework.http.ResponseEntity<java.util.List<springfox.documentation.swagger.web.SwaggerResource>> springfox.documentation.swagger.web.ApiResourceController.swaggerResources()
2019-04-02 09:41:42.644 [main] INFO  o.springframework.web.servlet.mvc.method.annotation.RequestMappingHandlerMapping - Mapped "{[/swagger-resources/configuration/ui]}" onto org.springframework.http.ResponseEntity<springfox.documentation.swagger.web.UiConfiguration> springfox.documentation.swagger.web.ApiResourceController.uiConfiguration()
2019-04-02 09:41:42.645 [main] INFO  o.springframework.web.servlet.mvc.method.annotation.RequestMappingHandlerMapping - Mapped "{[/swagger-resources/configuration/security]}" onto org.springframework.http.ResponseEntity<springfox.documentation.swagger.web.SecurityConfiguration> springfox.documentation.swagger.web.ApiResourceController.securityConfiguration()
2019-04-02 09:41:42.648 [main] INFO  o.springframework.web.servlet.mvc.method.annotation.RequestMappingHandlerMapping - Mapped "{[/error],produces=[text/html]}" onto public org.springframework.web.servlet.ModelAndView org.springframework.boot.autoconfigure.web.servlet.error.BasicErrorController.errorHtml(javax.servlet.http.HttpServletRequest,javax.servlet.http.HttpServletResponse)
2019-04-02 09:41:42.648 [main] INFO  o.springframework.web.servlet.mvc.method.annotation.RequestMappingHandlerMapping - Mapped "{[/error]}" onto public org.springframework.http.ResponseEntity<java.util.Map<java.lang.String, java.lang.Object>> org.springframework.boot.autoconfigure.web.servlet.error.BasicErrorController.error(javax.servlet.http.HttpServletRequest)
2019-04-02 09:41:42.880 [main] INFO  o.springframework.web.servlet.mvc.method.annotation.RequestMappingHandlerAdapter - Looking for @ControllerAdvice: org.springframework.boot.web.servlet.context.AnnotationConfigServletWebServerApplicationContext@7e99d8: startup date [Tue Apr 02 09:41:40 CST 2019]; root of context hierarchy
2019-04-02 09:41:42.935 [main] INFO  org.springframework.web.servlet.handler.SimpleUrlHandlerMapping - Mapped URL path [/webjars/**] onto handler of type [class org.springframework.web.servlet.resource.ResourceHttpRequestHandler]
2019-04-02 09:41:42.935 [main] INFO  org.springframework.web.servlet.handler.SimpleUrlHandlerMapping - Mapped URL path [/**] onto handler of type [class org.springframework.web.servlet.resource.ResourceHttpRequestHandler]
2019-04-02 09:41:42.964 [main] INFO  org.springframework.web.servlet.handler.SimpleUrlHandlerMapping - Mapped URL path [/**/favicon.ico] onto handler of type [class org.springframework.web.servlet.resource.ResourceHttpRequestHandler]
2019-04-02 09:41:43.113 [main] INFO  org.springframework.jmx.export.annotation.AnnotationMBeanExporter - Registering beans for JMX exposure on startup
2019-04-02 09:41:43.120 [main] INFO  org.springframework.context.support.DefaultLifecycleProcessor - Starting beans in phase 2147483647
2019-04-02 09:41:43.121 [main] INFO  springfox.documentation.spring.web.plugins.DocumentationPluginsBootstrapper - Context refreshed
2019-04-02 09:41:43.143 [main] INFO  springfox.documentation.spring.web.plugins.DocumentationPluginsBootstrapper - Found 1 custom documentation plugin(s)
2019-04-02 09:41:43.160 [main] INFO  springfox.documentation.spring.web.scanners.ApiListingReferenceScanner - Scanning for api listing references
2019-04-02 09:41:43.455 [main] INFO  org.springframework.boot.web.embedded.tomcat.TomcatWebServer - Tomcat started on port(s): 8888 (http) with context path ''
2019-04-02 09:41:43.467 [main] INFO  com.school.Application - Started Application in 3.045 seconds (JVM running for 4.105)
2019-04-02 09:42:31.009 [http-nio-8888-exec-1] INFO  org.apache.catalina.core.ContainerBase.[Tomcat].[localhost].[/] - Initializing Spring FrameworkServlet 'dispatcherServlet'
2019-04-02 09:42:31.009 [http-nio-8888-exec-1] INFO  org.springframework.web.servlet.DispatcherServlet - FrameworkServlet 'dispatcherServlet': initialization started
2019-04-02 09:42:31.028 [http-nio-8888-exec-1] INFO  org.springframework.web.servlet.DispatcherServlet - FrameworkServlet 'dispatcherServlet': initialization completed in 19 ms
2019-04-02 09:42:31.078 [http-nio-8888-exec-1] ERROR o.a.catalina.core.ContainerBase.[Tomcat].[localhost].[/].[dispatcherServlet] - Servlet.service() for servlet [dispatcherServlet] in context with path [] threw exception [Request processing failed; nested exception is java.lang.NullPointerException] with root cause
java.lang.NullPointerException: null
	at com.school.controller.Demo.getClassCount(Demo.java:26)
	at sun.reflect.NativeMethodAccessorImpl.invoke0(Native Method)
	at sun.reflect.NativeMethodAccessorImpl.invoke(NativeMethodAccessorImpl.java:62)
	at sun.reflect.DelegatingMethodAccessorImpl.invoke(DelegatingMethodAccessorImpl.java:43)
	at java.lang.reflect.Method.invoke(Method.java:498)
	at org.springframework.web.method.support.InvocableHandlerMethod.doInvoke(InvocableHandlerMethod.java:209)
	at org.springframework.web.method.support.InvocableHandlerMethod.invokeForRequest(InvocableHandlerMethod.java:136)
	at org.springframework.web.servlet.mvc.method.annotation.ServletInvocableHandlerMethod.invokeAndHandle(ServletInvocableHandlerMethod.java:102)
	at org.springframework.web.servlet.mvc.method.annotation.RequestMappingHandlerAdapter.invokeHandlerMethod(RequestMappingHandlerAdapter.java:870)
	at org.springframework.web.servlet.mvc.method.annotation.RequestMappingHandlerAdapter.handleInternal(RequestMappingHandlerAdapter.java:776)
	at org.springframework.web.servlet.mvc.method.AbstractHandlerMethodAdapter.handle(AbstractHandlerMethodAdapter.java:87)
	at org.springframework.web.servlet.DispatcherServlet.doDispatch(DispatcherServlet.java:991)
	at org.springframework.web.servlet.DispatcherServlet.doService(DispatcherServlet.java:925)
	at org.springframework.web.servlet.FrameworkServlet.processRequest(FrameworkServlet.java:978)
	at org.springframework.web.servlet.FrameworkServlet.doGet(FrameworkServlet.java:870)
	at javax.servlet.http.HttpServlet.service(HttpServlet.java:635)
	at org.springframework.web.servlet.FrameworkServlet.service(FrameworkServlet.java:855)
	at javax.servlet.http.HttpServlet.service(HttpServlet.java:742)
	at org.apache.catalina.core.ApplicationFilterChain.internalDoFilter(ApplicationFilterChain.java:231)
	at org.apache.catalina.core.ApplicationFilterChain.doFilter(ApplicationFilterChain.java:166)
	at org.apache.tomcat.websocket.server.WsFilter.doFilter(WsFilter.java:52)
	at org.apache.catalina.core.ApplicationFilterChain.internalDoFilter(ApplicationFilterChain.java:193)
	at org.apache.catalina.core.ApplicationFilterChain.doFilter(ApplicationFilterChain.java:166)
	at org.springframework.web.filter.RequestContextFilter.doFilterInternal(RequestContextFilter.java:99)
	at org.springframework.web.filter.OncePerRequestFilter.doFilter(OncePerRequestFilter.java:107)
	at org.apache.catalina.core.ApplicationFilterChain.internalDoFilter(ApplicationFilterChain.java:193)
	at org.apache.catalina.core.ApplicationFilterChain.doFilter(ApplicationFilterChain.java:166)
	at org.springframework.web.filter.HttpPutFormContentFilter.doFilterInternal(HttpPutFormContentFilter.java:109)
	at org.springframework.web.filter.OncePerRequestFilter.doFilter(OncePerRequestFilter.java:107)
	at org.apache.catalina.core.ApplicationFilterChain.internalDoFilter(ApplicationFilterChain.java:193)
	at org.apache.catalina.core.ApplicationFilterChain.doFilter(ApplicationFilterChain.java:166)
	at org.springframework.web.filter.HiddenHttpMethodFilter.doFilterInternal(HiddenHttpMethodFilter.java:81)
	at org.springframework.web.filter.OncePerRequestFilter.doFilter(OncePerRequestFilter.java:107)
	at org.apache.catalina.core.ApplicationFilterChain.internalDoFilter(ApplicationFilterChain.java:193)
	at org.apache.catalina.core.ApplicationFilterChain.doFilter(ApplicationFilterChain.java:166)
	at org.springframework.web.filter.CharacterEncodingFilter.doFilterInternal(CharacterEncodingFilter.java:200)
	at org.springframework.web.filter.OncePerRequestFilter.doFilter(OncePerRequestFilter.java:107)
	at org.apache.catalina.core.ApplicationFilterChain.internalDoFilter(ApplicationFilterChain.java:193)
	at org.apache.catalina.core.ApplicationFilterChain.doFilter(ApplicationFilterChain.java:166)
	at org.apache.catalina.core.StandardWrapperValve.invoke(StandardWrapperValve.java:199)
	at org.apache.catalina.core.StandardContextValve.invoke(StandardContextValve.java:96)
	at org.apache.catalina.authenticator.AuthenticatorBase.invoke(AuthenticatorBase.java:496)
	at org.apache.catalina.core.StandardHostValve.invoke(StandardHostValve.java:140)
	at org.apache.catalina.valves.ErrorReportValve.invoke(ErrorReportValve.java:81)
	at org.apache.catalina.core.StandardEngineValve.invoke(StandardEngineValve.java:87)
	at org.apache.catalina.connector.CoyoteAdapter.service(CoyoteAdapter.java:342)
	at org.apache.coyote.http11.Http11Processor.service(Http11Processor.java:803)
	at org.apache.coyote.AbstractProcessorLight.process(AbstractProcessorLight.java:66)
	at org.apache.coyote.AbstractProtocol$ConnectionHandler.process(AbstractProtocol.java:790)
	at org.apache.tomcat.util.net.NioEndpoint$SocketProcessor.doRun(NioEndpoint.java:1459)
	at org.apache.tomcat.util.net.SocketProcessorBase.run(SocketProcessorBase.java:49)
	at java.util.concurrent.ThreadPoolExecutor.runWorker(ThreadPoolExecutor.java:1149)
	at java.util.concurrent.ThreadPoolExecutor$Worker.run(ThreadPoolExecutor.java:624)
	at org.apache.tomcat.util.threads.TaskThread$WrappingRunnable.run(TaskThread.java:61)
	at java.lang.Thread.run(Thread.java:748)
2019-04-02 09:43:28.554 [main] INFO  com.school.Application - Starting Application on DESKTOP-OQBROSA with PID 15944 (C:\Users\24431\company\coding\MyBatis\target\classes started by 24431 in C:\Users\24431\company\coding)
2019-04-02 09:43:28.558 [main] INFO  com.school.Application - No active profile set, falling back to default profiles: default
2019-04-02 09:43:28.597 [main] INFO  o.s.boot.web.servlet.context.AnnotationConfigServletWebServerApplicationContext - Refreshing org.springframework.boot.web.servlet.context.AnnotationConfigServletWebServerApplicationContext@17277dc: startup date [Tue Apr 02 09:43:28 CST 2019]; root of context hierarchy
2019-04-02 09:43:29.588 [main] INFO  org.springframework.boot.web.embedded.tomcat.TomcatWebServer - Tomcat initialized with port(s): 8888 (http)
2019-04-02 09:43:29.605 [main] INFO  org.apache.catalina.core.StandardService - Starting service [Tomcat]
2019-04-02 09:43:29.606 [main] INFO  org.apache.catalina.core.StandardEngine - Starting Servlet Engine: Apache Tomcat/8.5.28
2019-04-02 09:43:29.612 [localhost-startStop-1] INFO  org.apache.catalina.core.AprLifecycleListener - The APR based Apache Tomcat Native library which allows optimal performance in production environments was not found on the java.library.path: [C:\Program Files (x86)\Java\jdk1.8.0_144\bin;C:\WINDOWS\Sun\Java\bin;C:\WINDOWS\system32;C:\WINDOWS;D:\SDK\platform-tools;C:\Python27;D:\apache-maven-3.5.4\bin;C:\Python27\Scripts;C:\Program Files (x86)\Java\jdk1.8.0_144\bin;C:\ProgramData\Oracle\Java\javapath;"C:\Program Files (x86)\Intel\iCLS Client\;F:\adt4_2_32bit；F:\adt4_2_32bit\sdk;;:\adt4_2_32bit\sdk\platform-tools";C:\Program Files\Intel\iCLS Client\;C:\WINDOWS\system32;C:\WINDOWS;C:\WINDOWS\System32\Wbem;C:\WINDOWS\System32\WindowsPowerShell\v1.0\;C:\Program Files (x86)\Intel\Intel(R) Management Engine Components\DAL;C:\Program Files\Intel\Intel(R) Management Engine Components\DAL;C:\Program Files (x86)\Intel\Intel(R) Management Engine Components\IPT;C:\Program Files\Intel\Intel(R) Management Engine Components\IPT;F:\adt4_2_32bit\sdk\platform-tools;".;C:\Program Files (x86)\Java\jdk1.8.0_144\lib;C:\Program Files (x86)\Java\jdk1.8.0_144\lib\tools.jar";C:\Program Files\MySQL\MySQL Utilities 1.6\;C:\WINDOWS\System32\OpenSSH\;C:\Program Files\VisualSVN Server\bin;C:\Program Files\TortoiseSVN\bin;C:\Program Files\nodejs\;"C:\Program Files (x86)\Java\jdk1.8.0_144\bin;C:\Program Files (x86)\Java\jdk1.8.0_144\jre\bin;";C:\Strawberry\c\bin;C:\Strawberry\perl\site\bin;C:\Strawberry\perl\bin;F:\apache-tomcat\bin;D:\SDK\tools;C:\Program Files\Git\cmd;F:\mysql-8.0.11-winx64\bin;C:\Program Files (x86)\Java\jre1.8.0_144;C:\Users\24431\AppData\Local\Microsoft\WindowsApps;C:\Users\24431\AppData\Local\Programs\Fiddler;C:\Users\24431\AppData\Roaming\npm;;%USERPROFILE%\AppData\Local\Microsoft\WindowsApps;.]
2019-04-02 09:43:29.710 [localhost-startStop-1] INFO  org.apache.catalina.core.ContainerBase.[Tomcat].[localhost].[/] - Initializing Spring embedded WebApplicationContext
2019-04-02 09:43:29.710 [localhost-startStop-1] INFO  org.springframework.web.context.ContextLoader - Root WebApplicationContext: initialization completed in 1113 ms
2019-04-02 09:43:29.832 [localhost-startStop-1] INFO  org.springframework.boot.web.servlet.ServletRegistrationBean - Servlet dispatcherServlet mapped to [/]
2019-04-02 09:43:29.836 [localhost-startStop-1] INFO  org.springframework.boot.web.servlet.FilterRegistrationBean - Mapping filter: 'characterEncodingFilter' to: [/*]
2019-04-02 09:43:29.836 [localhost-startStop-1] INFO  org.springframework.boot.web.servlet.FilterRegistrationBean - Mapping filter: 'hiddenHttpMethodFilter' to: [/*]
2019-04-02 09:43:29.837 [localhost-startStop-1] INFO  org.springframework.boot.web.servlet.FilterRegistrationBean - Mapping filter: 'httpPutFormContentFilter' to: [/*]
2019-04-02 09:43:29.837 [localhost-startStop-1] INFO  org.springframework.boot.web.servlet.FilterRegistrationBean - Mapping filter: 'requestContextFilter' to: [/*]
2019-04-02 09:43:29.882 [main] WARN  o.springframework.beans.factory.annotation.AutowiredAnnotationBeanPostProcessor - Autowired annotation is not supported on static fields: private static org.springframework.context.ConfigurableApplicationContext com.school.Application.context
2019-04-02 09:43:29.892 [main] WARN  o.s.boot.web.servlet.context.AnnotationConfigServletWebServerApplicationContext - Exception encountered during context initialization - cancelling refresh attempt: org.springframework.beans.factory.UnsatisfiedDependencyException: Error creating bean with name 'demo': Unsatisfied dependency expressed through field 'template'; nested exception is org.springframework.beans.factory.NoSuchBeanDefinitionException: No qualifying bean of type 'org.mybatis.spring.SqlSessionTemplate' available: expected at least 1 bean which qualifies as autowire candidate. Dependency annotations: {@org.springframework.beans.factory.annotation.Autowired(required=true)}
2019-04-02 09:43:29.892 [main] WARN  org.springframework.context.annotation.CommonAnnotationBeanPostProcessor - Invocation of destroy method failed on bean with name 'application': java.lang.NullPointerException
2019-04-02 09:43:29.894 [main] INFO  org.apache.catalina.core.StandardService - Stopping service [Tomcat]
2019-04-02 09:43:29.908 [main] INFO  o.s.boot.autoconfigure.logging.ConditionEvaluationReportLoggingListener - 

Error starting ApplicationContext. To display the conditions report re-run your application with 'debug' enabled.
2019-04-02 09:43:30.008 [main] ERROR org.springframework.boot.diagnostics.LoggingFailureAnalysisReporter - 

***************************
APPLICATION FAILED TO START
***************************

Description:

Field template in com.school.controller.Demo required a bean of type 'org.mybatis.spring.SqlSessionTemplate' that could not be found.
	- Bean method 'sqlSessionTemplate' not loaded because @ConditionalOnBean (types: javax.sql.DataSource; SearchStrategy: all) did not find any beans of type javax.sql.DataSource


Action:

Consider revisiting the conditions above or defining a bean of type 'org.mybatis.spring.SqlSessionTemplate' in your configuration.

2019-04-02 14:09:16.997 [main] INFO  com.school.Application - Starting Application on DESKTOP-OQBROSA with PID 23572 (C:\Users\24431\company\coding\MyBatis\target\classes started by 24431 in C:\Users\24431\company\coding)
2019-04-02 14:09:17.000 [main] INFO  com.school.Application - No active profile set, falling back to default profiles: default
2019-04-02 14:09:17.046 [main] INFO  o.s.boot.web.servlet.context.AnnotationConfigServletWebServerApplicationContext - Refreshing org.springframework.boot.web.servlet.context.AnnotationConfigServletWebServerApplicationContext@5b295b: startup date [Tue Apr 02 14:09:17 CST 2019]; root of context hierarchy
2019-04-02 14:09:18.364 [main] INFO  org.springframework.boot.web.embedded.tomcat.TomcatWebServer - Tomcat initialized with port(s): 8888 (http)
2019-04-02 14:09:18.389 [main] INFO  org.apache.catalina.core.StandardService - Starting service [Tomcat]
2019-04-02 14:09:18.389 [main] INFO  org.apache.catalina.core.StandardEngine - Starting Servlet Engine: Apache Tomcat/8.5.28
2019-04-02 14:09:18.393 [localhost-startStop-1] INFO  org.apache.catalina.core.AprLifecycleListener - The APR based Apache Tomcat Native library which allows optimal performance in production environments was not found on the java.library.path: [C:\Program Files (x86)\Java\jdk1.8.0_144\bin;C:\WINDOWS\Sun\Java\bin;C:\WINDOWS\system32;C:\WINDOWS;D:\SDK\platform-tools;C:\Python27;D:\apache-maven-3.5.4\bin;C:\Python27\Scripts;C:\Program Files (x86)\Java\jdk1.8.0_144\bin;C:\ProgramData\Oracle\Java\javapath;"C:\Program Files (x86)\Intel\iCLS Client\;F:\adt4_2_32bit；F:\adt4_2_32bit\sdk;;:\adt4_2_32bit\sdk\platform-tools";C:\Program Files\Intel\iCLS Client\;C:\WINDOWS\system32;C:\WINDOWS;C:\WINDOWS\System32\Wbem;C:\WINDOWS\System32\WindowsPowerShell\v1.0\;C:\Program Files (x86)\Intel\Intel(R) Management Engine Components\DAL;C:\Program Files\Intel\Intel(R) Management Engine Components\DAL;C:\Program Files (x86)\Intel\Intel(R) Management Engine Components\IPT;C:\Program Files\Intel\Intel(R) Management Engine Components\IPT;F:\adt4_2_32bit\sdk\platform-tools;".;C:\Program Files (x86)\Java\jdk1.8.0_144\lib;C:\Program Files (x86)\Java\jdk1.8.0_144\lib\tools.jar";C:\Program Files\MySQL\MySQL Utilities 1.6\;C:\WINDOWS\System32\OpenSSH\;C:\Program Files\VisualSVN Server\bin;C:\Program Files\TortoiseSVN\bin;C:\Program Files\nodejs\;"C:\Program Files (x86)\Java\jdk1.8.0_144\bin;C:\Program Files (x86)\Java\jdk1.8.0_144\jre\bin;";C:\Strawberry\c\bin;C:\Strawberry\perl\site\bin;C:\Strawberry\perl\bin;F:\apache-tomcat\bin;D:\SDK\tools;C:\Program Files\Git\cmd;F:\mysql-8.0.11-winx64\bin;C:\Program Files (x86)\Java\jre1.8.0_144;C:\Users\24431\AppData\Local\Microsoft\WindowsApps;C:\Users\24431\AppData\Local\Programs\Fiddler;C:\Users\24431\AppData\Roaming\npm;;%USERPROFILE%\AppData\Local\Microsoft\WindowsApps;.]
2019-04-02 14:09:18.494 [localhost-startStop-1] INFO  org.apache.catalina.core.ContainerBase.[Tomcat].[localhost].[/] - Initializing Spring embedded WebApplicationContext
2019-04-02 14:09:18.494 [localhost-startStop-1] INFO  org.springframework.web.context.ContextLoader - Root WebApplicationContext: initialization completed in 1448 ms
2019-04-02 14:09:18.635 [localhost-startStop-1] INFO  org.springframework.boot.web.servlet.ServletRegistrationBean - Servlet dispatcherServlet mapped to [/]
2019-04-02 14:09:18.639 [localhost-startStop-1] INFO  org.springframework.boot.web.servlet.FilterRegistrationBean - Mapping filter: 'characterEncodingFilter' to: [/*]
2019-04-02 14:09:18.640 [localhost-startStop-1] INFO  org.springframework.boot.web.servlet.FilterRegistrationBean - Mapping filter: 'hiddenHttpMethodFilter' to: [/*]
2019-04-02 14:09:18.640 [localhost-startStop-1] INFO  org.springframework.boot.web.servlet.FilterRegistrationBean - Mapping filter: 'httpPutFormContentFilter' to: [/*]
2019-04-02 14:09:18.640 [localhost-startStop-1] INFO  org.springframework.boot.web.servlet.FilterRegistrationBean - Mapping filter: 'requestContextFilter' to: [/*]
2019-04-02 14:09:18.679 [main] WARN  o.s.boot.web.servlet.context.AnnotationConfigServletWebServerApplicationContext - Exception encountered during context initialization - cancelling refresh attempt: org.springframework.beans.factory.UnsatisfiedDependencyException: Error creating bean with name 'demo': Unsatisfied dependency expressed through field 'template'; nested exception is org.springframework.beans.factory.NoSuchBeanDefinitionException: No qualifying bean of type 'org.mybatis.spring.SqlSessionTemplate' available: expected at least 1 bean which qualifies as autowire candidate. Dependency annotations: {@org.springframework.beans.factory.annotation.Autowired(required=true)}
2019-04-02 14:09:18.680 [main] WARN  org.springframework.context.annotation.CommonAnnotationBeanPostProcessor - Invocation of destroy method failed on bean with name 'application': java.lang.NullPointerException
2019-04-02 14:09:18.681 [main] INFO  org.apache.catalina.core.StandardService - Stopping service [Tomcat]
2019-04-02 14:09:18.697 [main] INFO  o.s.boot.autoconfigure.logging.ConditionEvaluationReportLoggingListener - 

Error starting ApplicationContext. To display the conditions report re-run your application with 'debug' enabled.
2019-04-02 14:09:18.799 [main] ERROR org.springframework.boot.diagnostics.LoggingFailureAnalysisReporter - 

***************************
APPLICATION FAILED TO START
***************************

Description:

Field template in com.school.controller.Demo required a bean of type 'org.mybatis.spring.SqlSessionTemplate' that could not be found.
	- Bean method 'sqlSessionTemplate' not loaded because @ConditionalOnBean (types: javax.sql.DataSource; SearchStrategy: all) did not find any beans of type javax.sql.DataSource


Action:

Consider revisiting the conditions above or defining a bean of type 'org.mybatis.spring.SqlSessionTemplate' in your configuration.

2019-04-02 14:09:41.126 [main] INFO  com.school.Application - Starting Application on DESKTOP-OQBROSA with PID 24988 (C:\Users\24431\company\coding\MyBatis\target\classes started by 24431 in C:\Users\24431\company\coding)
2019-04-02 14:09:41.129 [main] INFO  com.school.Application - No active profile set, falling back to default profiles: default
2019-04-02 14:09:41.184 [main] INFO  o.s.boot.web.servlet.context.AnnotationConfigServletWebServerApplicationContext - Refreshing org.springframework.boot.web.servlet.context.AnnotationConfigServletWebServerApplicationContext@671d7f: startup date [Tue Apr 02 14:09:41 CST 2019]; root of context hierarchy
2019-04-02 14:09:42.464 [main] INFO  org.springframework.boot.web.embedded.tomcat.TomcatWebServer - Tomcat initialized with port(s): 8888 (http)
2019-04-02 14:09:42.483 [main] INFO  org.apache.catalina.core.StandardService - Starting service [Tomcat]
2019-04-02 14:09:42.483 [main] INFO  org.apache.catalina.core.StandardEngine - Starting Servlet Engine: Apache Tomcat/8.5.28
2019-04-02 14:09:42.491 [localhost-startStop-1] INFO  org.apache.catalina.core.AprLifecycleListener - The APR based Apache Tomcat Native library which allows optimal performance in production environments was not found on the java.library.path: [C:\Program Files (x86)\Java\jdk1.8.0_144\bin;C:\WINDOWS\Sun\Java\bin;C:\WINDOWS\system32;C:\WINDOWS;D:\SDK\platform-tools;C:\Python27;D:\apache-maven-3.5.4\bin;C:\Python27\Scripts;C:\Program Files (x86)\Java\jdk1.8.0_144\bin;C:\ProgramData\Oracle\Java\javapath;"C:\Program Files (x86)\Intel\iCLS Client\;F:\adt4_2_32bit；F:\adt4_2_32bit\sdk;;:\adt4_2_32bit\sdk\platform-tools";C:\Program Files\Intel\iCLS Client\;C:\WINDOWS\system32;C:\WINDOWS;C:\WINDOWS\System32\Wbem;C:\WINDOWS\System32\WindowsPowerShell\v1.0\;C:\Program Files (x86)\Intel\Intel(R) Management Engine Components\DAL;C:\Program Files\Intel\Intel(R) Management Engine Components\DAL;C:\Program Files (x86)\Intel\Intel(R) Management Engine Components\IPT;C:\Program Files\Intel\Intel(R) Management Engine Components\IPT;F:\adt4_2_32bit\sdk\platform-tools;".;C:\Program Files (x86)\Java\jdk1.8.0_144\lib;C:\Program Files (x86)\Java\jdk1.8.0_144\lib\tools.jar";C:\Program Files\MySQL\MySQL Utilities 1.6\;C:\WINDOWS\System32\OpenSSH\;C:\Program Files\VisualSVN Server\bin;C:\Program Files\TortoiseSVN\bin;C:\Program Files\nodejs\;"C:\Program Files (x86)\Java\jdk1.8.0_144\bin;C:\Program Files (x86)\Java\jdk1.8.0_144\jre\bin;";C:\Strawberry\c\bin;C:\Strawberry\perl\site\bin;C:\Strawberry\perl\bin;F:\apache-tomcat\bin;D:\SDK\tools;C:\Program Files\Git\cmd;F:\mysql-8.0.11-winx64\bin;C:\Program Files (x86)\Java\jre1.8.0_144;C:\Users\24431\AppData\Local\Microsoft\WindowsApps;C:\Users\24431\AppData\Local\Programs\Fiddler;C:\Users\24431\AppData\Roaming\npm;;%USERPROFILE%\AppData\Local\Microsoft\WindowsApps;.]
2019-04-02 14:09:42.593 [localhost-startStop-1] INFO  org.apache.catalina.core.ContainerBase.[Tomcat].[localhost].[/] - Initializing Spring embedded WebApplicationContext
2019-04-02 14:09:42.593 [localhost-startStop-1] INFO  org.springframework.web.context.ContextLoader - Root WebApplicationContext: initialization completed in 1409 ms
2019-04-02 14:09:42.729 [localhost-startStop-1] INFO  org.springframework.boot.web.servlet.ServletRegistrationBean - Servlet dispatcherServlet mapped to [/]
2019-04-02 14:09:42.734 [localhost-startStop-1] INFO  org.springframework.boot.web.servlet.FilterRegistrationBean - Mapping filter: 'characterEncodingFilter' to: [/*]
2019-04-02 14:09:42.734 [localhost-startStop-1] INFO  org.springframework.boot.web.servlet.FilterRegistrationBean - Mapping filter: 'hiddenHttpMethodFilter' to: [/*]
2019-04-02 14:09:42.734 [localhost-startStop-1] INFO  org.springframework.boot.web.servlet.FilterRegistrationBean - Mapping filter: 'httpPutFormContentFilter' to: [/*]
2019-04-02 14:09:42.734 [localhost-startStop-1] INFO  org.springframework.boot.web.servlet.FilterRegistrationBean - Mapping filter: 'requestContextFilter' to: [/*]
2019-04-02 14:09:42.763 [main] WARN  o.springframework.beans.factory.annotation.AutowiredAnnotationBeanPostProcessor - Autowired annotation is not supported on static fields: private static org.springframework.context.ConfigurableApplicationContext com.school.Application.context
2019-04-02 14:09:42.770 [main] WARN  o.s.boot.web.servlet.context.AnnotationConfigServletWebServerApplicationContext - Exception encountered during context initialization - cancelling refresh attempt: org.springframework.beans.factory.UnsatisfiedDependencyException: Error creating bean with name 'demo': Unsatisfied dependency expressed through field 'template'; nested exception is org.springframework.beans.factory.NoSuchBeanDefinitionException: No qualifying bean of type 'org.mybatis.spring.SqlSessionTemplate' available: expected at least 1 bean which qualifies as autowire candidate. Dependency annotations: {@org.springframework.beans.factory.annotation.Autowired(required=true)}
2019-04-02 14:09:42.770 [main] WARN  org.springframework.context.annotation.CommonAnnotationBeanPostProcessor - Invocation of destroy method failed on bean with name 'application': java.lang.NullPointerException
2019-04-02 14:09:42.771 [main] INFO  org.apache.catalina.core.StandardService - Stopping service [Tomcat]
2019-04-02 14:09:42.785 [main] INFO  o.s.boot.autoconfigure.logging.ConditionEvaluationReportLoggingListener - 

Error starting ApplicationContext. To display the conditions report re-run your application with 'debug' enabled.
2019-04-02 14:09:42.883 [main] ERROR org.springframework.boot.diagnostics.LoggingFailureAnalysisReporter - 

***************************
APPLICATION FAILED TO START
***************************

Description:

Field template in com.school.controller.Demo required a bean of type 'org.mybatis.spring.SqlSessionTemplate' that could not be found.
	- Bean method 'sqlSessionTemplate' not loaded because @ConditionalOnBean (types: javax.sql.DataSource; SearchStrategy: all) did not find any beans of type javax.sql.DataSource


Action:

Consider revisiting the conditions above or defining a bean of type 'org.mybatis.spring.SqlSessionTemplate' in your configuration.

2019-04-02 14:18:29.991 [main] INFO  com.school.Application - Starting Application on DESKTOP-OQBROSA with PID 3000 (C:\Users\24431\company\coding\MyBatis\target\classes started by 24431 in C:\Users\24431\company\coding)
2019-04-02 14:18:29.993 [main] INFO  com.school.Application - No active profile set, falling back to default profiles: default
2019-04-02 14:18:30.030 [main] INFO  o.s.boot.web.servlet.context.AnnotationConfigServletWebServerApplicationContext - Refreshing org.springframework.boot.web.servlet.context.AnnotationConfigServletWebServerApplicationContext@7e99d8: startup date [Tue Apr 02 14:18:30 CST 2019]; root of context hierarchy
2019-04-02 14:18:31.190 [main] INFO  org.springframework.boot.web.embedded.tomcat.TomcatWebServer - Tomcat initialized with port(s): 8888 (http)
2019-04-02 14:18:31.210 [main] INFO  org.apache.catalina.core.StandardService - Starting service [Tomcat]
2019-04-02 14:18:31.210 [main] INFO  org.apache.catalina.core.StandardEngine - Starting Servlet Engine: Apache Tomcat/8.5.28
2019-04-02 14:18:31.214 [localhost-startStop-1] INFO  org.apache.catalina.core.AprLifecycleListener - The APR based Apache Tomcat Native library which allows optimal performance in production environments was not found on the java.library.path: [C:\Program Files (x86)\Java\jdk1.8.0_144\bin;C:\WINDOWS\Sun\Java\bin;C:\WINDOWS\system32;C:\WINDOWS;D:\SDK\platform-tools;C:\Python27;D:\apache-maven-3.5.4\bin;C:\Python27\Scripts;C:\Program Files (x86)\Java\jdk1.8.0_144\bin;C:\ProgramData\Oracle\Java\javapath;"C:\Program Files (x86)\Intel\iCLS Client\;F:\adt4_2_32bit；F:\adt4_2_32bit\sdk;;:\adt4_2_32bit\sdk\platform-tools";C:\Program Files\Intel\iCLS Client\;C:\WINDOWS\system32;C:\WINDOWS;C:\WINDOWS\System32\Wbem;C:\WINDOWS\System32\WindowsPowerShell\v1.0\;C:\Program Files (x86)\Intel\Intel(R) Management Engine Components\DAL;C:\Program Files\Intel\Intel(R) Management Engine Components\DAL;C:\Program Files (x86)\Intel\Intel(R) Management Engine Components\IPT;C:\Program Files\Intel\Intel(R) Management Engine Components\IPT;F:\adt4_2_32bit\sdk\platform-tools;".;C:\Program Files (x86)\Java\jdk1.8.0_144\lib;C:\Program Files (x86)\Java\jdk1.8.0_144\lib\tools.jar";C:\Program Files\MySQL\MySQL Utilities 1.6\;C:\WINDOWS\System32\OpenSSH\;C:\Program Files\VisualSVN Server\bin;C:\Program Files\TortoiseSVN\bin;C:\Program Files\nodejs\;"C:\Program Files (x86)\Java\jdk1.8.0_144\bin;C:\Program Files (x86)\Java\jdk1.8.0_144\jre\bin;";C:\Strawberry\c\bin;C:\Strawberry\perl\site\bin;C:\Strawberry\perl\bin;F:\apache-tomcat\bin;D:\SDK\tools;C:\Program Files\Git\cmd;F:\mysql-8.0.11-winx64\bin;C:\Program Files (x86)\Java\jre1.8.0_144;C:\Users\24431\AppData\Local\Microsoft\WindowsApps;C:\Users\24431\AppData\Local\Programs\Fiddler;C:\Users\24431\AppData\Roaming\npm;;%USERPROFILE%\AppData\Local\Microsoft\WindowsApps;.]
2019-04-02 14:18:31.350 [localhost-startStop-1] INFO  org.apache.catalina.core.ContainerBase.[Tomcat].[localhost].[/] - Initializing Spring embedded WebApplicationContext
2019-04-02 14:18:31.350 [localhost-startStop-1] INFO  org.springframework.web.context.ContextLoader - Root WebApplicationContext: initialization completed in 1320 ms
2019-04-02 14:18:31.478 [localhost-startStop-1] INFO  org.springframework.boot.web.servlet.ServletRegistrationBean - Servlet dispatcherServlet mapped to [/]
2019-04-02 14:18:31.482 [localhost-startStop-1] INFO  org.springframework.boot.web.servlet.FilterRegistrationBean - Mapping filter: 'characterEncodingFilter' to: [/*]
2019-04-02 14:18:31.482 [localhost-startStop-1] INFO  org.springframework.boot.web.servlet.FilterRegistrationBean - Mapping filter: 'hiddenHttpMethodFilter' to: [/*]
2019-04-02 14:18:31.483 [localhost-startStop-1] INFO  org.springframework.boot.web.servlet.FilterRegistrationBean - Mapping filter: 'httpPutFormContentFilter' to: [/*]
2019-04-02 14:18:31.483 [localhost-startStop-1] INFO  org.springframework.boot.web.servlet.FilterRegistrationBean - Mapping filter: 'requestContextFilter' to: [/*]
2019-04-02 14:18:31.516 [main] WARN  o.springframework.beans.factory.annotation.AutowiredAnnotationBeanPostProcessor - Autowired annotation is not supported on static fields: private static org.springframework.context.ConfigurableApplicationContext com.school.Application.context
2019-04-02 14:18:31.524 [main] WARN  o.s.boot.web.servlet.context.AnnotationConfigServletWebServerApplicationContext - Exception encountered during context initialization - cancelling refresh attempt: org.springframework.beans.factory.UnsatisfiedDependencyException: Error creating bean with name 'demo': Unsatisfied dependency expressed through field 'template'; nested exception is org.springframework.beans.factory.NoSuchBeanDefinitionException: No qualifying bean of type 'org.mybatis.spring.SqlSessionTemplate' available: expected at least 1 bean which qualifies as autowire candidate. Dependency annotations: {@org.springframework.beans.factory.annotation.Autowired(required=true)}
2019-04-02 14:18:31.525 [main] WARN  org.springframework.context.annotation.CommonAnnotationBeanPostProcessor - Invocation of destroy method failed on bean with name 'application': java.lang.NullPointerException
2019-04-02 14:18:31.526 [main] INFO  org.apache.catalina.core.StandardService - Stopping service [Tomcat]
2019-04-02 14:18:31.538 [main] INFO  o.s.boot.autoconfigure.logging.ConditionEvaluationReportLoggingListener - 

Error starting ApplicationContext. To display the conditions report re-run your application with 'debug' enabled.
2019-04-02 14:18:31.633 [main] ERROR org.springframework.boot.diagnostics.LoggingFailureAnalysisReporter - 

***************************
APPLICATION FAILED TO START
***************************

Description:

Field template in com.school.controller.Demo required a bean of type 'org.mybatis.spring.SqlSessionTemplate' that could not be found.
	- Bean method 'sqlSessionTemplate' not loaded because @ConditionalOnBean (types: javax.sql.DataSource; SearchStrategy: all) did not find any beans of type javax.sql.DataSource


Action:

Consider revisiting the conditions above or defining a bean of type 'org.mybatis.spring.SqlSessionTemplate' in your configuration.

2019-04-02 14:23:43.208 [main] INFO  com.school.Application - Starting Application on DESKTOP-OQBROSA with PID 4608 (C:\Users\24431\company\coding\MyBatis\target\classes started by 24431 in C:\Users\24431\company\coding)
2019-04-02 14:23:43.210 [main] INFO  com.school.Application - No active profile set, falling back to default profiles: default
2019-04-02 14:23:43.253 [main] INFO  o.s.boot.web.servlet.context.AnnotationConfigServletWebServerApplicationContext - Refreshing org.springframework.boot.web.servlet.context.AnnotationConfigServletWebServerApplicationContext@17277dc: startup date [Tue Apr 02 14:23:43 CST 2019]; root of context hierarchy
2019-04-02 14:23:43.790 [main] WARN  org.mybatis.spring.mapper.ClassPathMapperScanner - No MyBatis mapper was found in '[package com.school.*]' package. Please check your configuration.
2019-04-02 14:23:44.352 [main] INFO  org.springframework.boot.web.embedded.tomcat.TomcatWebServer - Tomcat initialized with port(s): 8888 (http)
2019-04-02 14:23:44.371 [main] INFO  org.apache.catalina.core.StandardService - Starting service [Tomcat]
2019-04-02 14:23:44.372 [main] INFO  org.apache.catalina.core.StandardEngine - Starting Servlet Engine: Apache Tomcat/8.5.28
2019-04-02 14:23:44.377 [localhost-startStop-1] INFO  org.apache.catalina.core.AprLifecycleListener - The APR based Apache Tomcat Native library which allows optimal performance in production environments was not found on the java.library.path: [C:\Program Files (x86)\Java\jdk1.8.0_144\bin;C:\WINDOWS\Sun\Java\bin;C:\WINDOWS\system32;C:\WINDOWS;D:\SDK\platform-tools;C:\Python27;D:\apache-maven-3.5.4\bin;C:\Python27\Scripts;C:\Program Files (x86)\Java\jdk1.8.0_144\bin;C:\ProgramData\Oracle\Java\javapath;"C:\Program Files (x86)\Intel\iCLS Client\;F:\adt4_2_32bit；F:\adt4_2_32bit\sdk;;:\adt4_2_32bit\sdk\platform-tools";C:\Program Files\Intel\iCLS Client\;C:\WINDOWS\system32;C:\WINDOWS;C:\WINDOWS\System32\Wbem;C:\WINDOWS\System32\WindowsPowerShell\v1.0\;C:\Program Files (x86)\Intel\Intel(R) Management Engine Components\DAL;C:\Program Files\Intel\Intel(R) Management Engine Components\DAL;C:\Program Files (x86)\Intel\Intel(R) Management Engine Components\IPT;C:\Program Files\Intel\Intel(R) Management Engine Components\IPT;F:\adt4_2_32bit\sdk\platform-tools;".;C:\Program Files (x86)\Java\jdk1.8.0_144\lib;C:\Program Files (x86)\Java\jdk1.8.0_144\lib\tools.jar";C:\Program Files\MySQL\MySQL Utilities 1.6\;C:\WINDOWS\System32\OpenSSH\;C:\Program Files\VisualSVN Server\bin;C:\Program Files\TortoiseSVN\bin;C:\Program Files\nodejs\;"C:\Program Files (x86)\Java\jdk1.8.0_144\bin;C:\Program Files (x86)\Java\jdk1.8.0_144\jre\bin;";C:\Strawberry\c\bin;C:\Strawberry\perl\site\bin;C:\Strawberry\perl\bin;F:\apache-tomcat\bin;D:\SDK\tools;C:\Program Files\Git\cmd;F:\mysql-8.0.11-winx64\bin;C:\Program Files (x86)\Java\jre1.8.0_144;C:\Users\24431\AppData\Local\Microsoft\WindowsApps;C:\Users\24431\AppData\Local\Programs\Fiddler;C:\Users\24431\AppData\Roaming\npm;;%USERPROFILE%\AppData\Local\Microsoft\WindowsApps;.]
2019-04-02 14:23:44.480 [localhost-startStop-1] INFO  org.apache.catalina.core.ContainerBase.[Tomcat].[localhost].[/] - Initializing Spring embedded WebApplicationContext
2019-04-02 14:23:44.480 [localhost-startStop-1] INFO  org.springframework.web.context.ContextLoader - Root WebApplicationContext: initialization completed in 1227 ms
2019-04-02 14:23:44.618 [localhost-startStop-1] INFO  org.springframework.boot.web.servlet.ServletRegistrationBean - Servlet dispatcherServlet mapped to [/]
2019-04-02 14:23:44.624 [localhost-startStop-1] INFO  org.springframework.boot.web.servlet.FilterRegistrationBean - Mapping filter: 'characterEncodingFilter' to: [/*]
2019-04-02 14:23:44.624 [localhost-startStop-1] INFO  org.springframework.boot.web.servlet.FilterRegistrationBean - Mapping filter: 'hiddenHttpMethodFilter' to: [/*]
2019-04-02 14:23:44.624 [localhost-startStop-1] INFO  org.springframework.boot.web.servlet.FilterRegistrationBean - Mapping filter: 'httpPutFormContentFilter' to: [/*]
2019-04-02 14:23:44.624 [localhost-startStop-1] INFO  org.springframework.boot.web.servlet.FilterRegistrationBean - Mapping filter: 'requestContextFilter' to: [/*]
2019-04-02 14:23:44.661 [main] WARN  o.springframework.beans.factory.annotation.AutowiredAnnotationBeanPostProcessor - Autowired annotation is not supported on static fields: private static org.springframework.context.ConfigurableApplicationContext com.school.Application.context
2019-04-02 14:23:44.676 [main] WARN  o.s.boot.web.servlet.context.AnnotationConfigServletWebServerApplicationContext - Exception encountered during context initialization - cancelling refresh attempt: org.springframework.beans.factory.UnsatisfiedDependencyException: Error creating bean with name 'demo': Unsatisfied dependency expressed through field 'template'; nested exception is org.springframework.beans.factory.NoSuchBeanDefinitionException: No qualifying bean of type 'org.mybatis.spring.SqlSessionTemplate' available: expected at least 1 bean which qualifies as autowire candidate. Dependency annotations: {@org.springframework.beans.factory.annotation.Autowired(required=true)}
2019-04-02 14:23:44.677 [main] WARN  org.springframework.context.annotation.CommonAnnotationBeanPostProcessor - Invocation of destroy method failed on bean with name 'application': java.lang.NullPointerException
2019-04-02 14:23:44.678 [main] INFO  org.apache.catalina.core.StandardService - Stopping service [Tomcat]
2019-04-02 14:23:44.691 [main] INFO  o.s.boot.autoconfigure.logging.ConditionEvaluationReportLoggingListener - 

Error starting ApplicationContext. To display the conditions report re-run your application with 'debug' enabled.
2019-04-02 14:23:44.789 [main] ERROR org.springframework.boot.diagnostics.LoggingFailureAnalysisReporter - 

***************************
APPLICATION FAILED TO START
***************************

Description:

Field template in com.school.controller.Demo required a bean of type 'org.mybatis.spring.SqlSessionTemplate' that could not be found.
	- Bean method 'sqlSessionTemplate' not loaded because @ConditionalOnBean (types: javax.sql.DataSource; SearchStrategy: all) did not find any beans of type javax.sql.DataSource


Action:

Consider revisiting the conditions above or defining a bean of type 'org.mybatis.spring.SqlSessionTemplate' in your configuration.

